<?xml version="1.0" encoding="UTF-8"?>
<testsuite xmlns:xsi="http://www.w3.org/2001/XMLSchema-instance" xsi:noNamespaceSchemaLocation="https://maven.apache.org/surefire/maven-surefire-plugin/xsd/surefire-test-report.xsd" name="ch.squaredesk.nova.comm.ReflectionHelperTest" time="0.003" tests="3" errors="0" skipped="0" failures="0">
  <properties>
[...]
</properties>
  <testcase name="genericInterfaceImplementation" classname="ch.squaredesk.nova.comm.ReflectionHelperTest" time="0.001"/>
  <testcase name="genericClassExtension" classname="ch.squaredesk.nova.comm.ReflectionHelperTest" time="0"/>
  <testcase name="newInstance" classname="ch.squaredesk.nova.comm.ReflectionHelperTest" time="0.001"/>
</testsuite>