<?xml version="1.0" encoding="UTF-8"?>
<testsuite xmlns:xsi="http://www.w3.org/2001/XMLSchema-instance" xsi:noNamespaceSchemaLocation="https://maven.apache.org/surefire/maven-surefire-plugin/xsd/surefire-test-report.xsd" name="ch.squaredesk.nova.comm.jms.CommAdapterDestinationListenerTest" time="0.021" tests="2" errors="0" skipped="0" failures="0">
  <properties>
[...]
</properties>
  <testcase name="testMessageSendingWithExceptionSignallingDestinationDownInExceptionChain" classname="ch.squaredesk.nova.comm.jms.CommAdapterDestinationListenerTest" time="0.012"/>
  <testcase name="destinationListenerCalledWhenTempQueueIsDeleted" classname="ch.squaredesk.nova.comm.jms.CommAdapterDestinationListenerTest" time="0.009"/>
</testsuite>